{"name": "test_register_user[4333327-411111]", "status": "broken", "statusDetails": {"message": "selenium.common.exceptions.TimeoutException: Message: \nStacktrace:\n#0 0x55c494285ffa <unknown>\n#1 0x55c493d44970 <unknown>\n#2 0x55c493d96385 <unknown>\n#3 0x55c493d965b1 <unknown>\n#4 0x55c493de53c4 <unknown>\n#5 0x55c493dbc2bd <unknown>\n#6 0x55c493de270c <unknown>\n#7 0x55c493dbc063 <unknown>\n#8 0x55c493d88328 <unknown>\n#9 0x55c493d89491 <unknown>\n#10 0x55c49424d42b <unknown>\n#11 0x55c4942512ec <unknown>\n#12 0x55c494234a22 <unknown>\n#13 0x55c494251e64 <unknown>\n#14 0x55c494218bef <unknown>\n#15 0x55c494274558 <unknown>\n#16 0x55c494274736 <unknown>\n#17 0x55c494284e76 <unknown>\n#18 0x7f70e7a051f5 <unknown>", "trace": "driver = <selenium.webdriver.chrome.webdriver.WebDriver (session=\"cbfc996cfdb33db49b697cf8ecfc09dd\")>, username = '4333327', password = '411111'\n\n    @pytest.mark.parametrize(\n        \"username, password\",\n        [\n            ('4333327', '411111'),\n            ('', 'password'),\n            ('979597', ''),\n            ('', ''),\n            ('4', '48998987')\n        ]\n    )\n    \n    @allure.feature(\"User Registration\")\n    @allure.story(\"Register User with Different Credentials\")\n    @allure.severity(allure.severity_level.CRITICAL)\n    \n    def test_register_user(driver, username, password):\n        with allure.step(\"Navigate to the registration page\"):\n            register_user = RegisterPage(driver)\n            register_user.get_register_page()\n            assert \"register\" in driver.current_url, \"User is not on the registration page\"\n    \n        with allure.step(\"Enter username and password\"):\n            register_user.enter_username(username)\n            register_user.enter_password(password)\n    \n        with allure.step(\"Click the register button\"):\n            register_user.click_register()\n    \n        with allure.step(\"Validate registration outcome\"):\n            if username == '':\n                assert register_user.get_error_message(), \"Registration without username\"\n            elif password == '':\n                assert \"Пароль обязателен\" in register_user.get_error_message(), \"Registration without password\"\n            elif password == '' and username == '':\n                assert \"Пароль обязателен\" in register_user.get_error_message(), \"Registration without password\"\n                assert \"Имя пользователя обязательно\" in register_user.get_error_message(), \"Registration without username\"\n            elif len(password) < 6 and len(username) < 3:\n                assert \"Пароль должен содержать не менее 6 символов\" in register_user.get_error_message(), \\\n                    \"Registration with short password\"\n                assert \"Имя пользователя должно содержать не менее 3 символов\" in register_user.get_error_message(), \\\n                    \"Registration with short username\"\n            elif len(password) < 6:\n                assert \"Пароль должен содержать не менее 6 символов\" in register_user.get_error_message(), \\\n                    \"Registration with short password\"\n            elif len(username) < 3:\n                assert \"Имя пользователя должно содержать не менее 3 символов\" in register_user.get_error_message(), \\\n                    \"Registration with short username\"\n            else:\n>               assert register_user.get_success_message(), \"User is not registered\"\n\ntests/ui/ui_tests/test_user.py:56: \n_ _ _ _ _ _ _ _ _ _ _ _ _ _ _ _ _ _ _ _ _ _ _ _ _ _ _ _ _ _ _ _ _ _ _ _ _ _ _ _ _ _ _ _ _ _ _ _ _ _ _ _ _ _ _ _ _ _ _ _ _ _ _ _ _ _ _ _ _ _ _ _ _ _ _ _ _ _ _ _ _ _ _ _ _ _ _ _ _ _\ntests/ui/pages/register_page.py:26: in get_success_message\n    return self.find_element(self.SUCCESS_MESSAGE).text\ntests/ui/pages/base_page.py:15: in find_element\n    return WebDriverWait(self.driver, timeout).until(EC.presence_of_element_located(locator))\n_ _ _ _ _ _ _ _ _ _ _ _ _ _ _ _ _ _ _ _ _ _ _ _ _ _ _ _ _ _ _ _ _ _ _ _ _ _ _ _ _ _ _ _ _ _ _ _ _ _ _ _ _ _ _ _ _ _ _ _ _ _ _ _ _ _ _ _ _ _ _ _ _ _ _ _ _ _ _ _ _ _ _ _ _ _ _ _ _ _\n\nself = <selenium.webdriver.support.wait.WebDriverWait (session=\"cbfc996cfdb33db49b697cf8ecfc09dd\")>\nmethod = <function presence_of_element_located.<locals>._predicate at 0x7f72ea55bca0>, message = ''\n\n    def until(self, method, message: str = \"\"):\n        \"\"\"Calls the method provided with the driver as an argument until the \\\n        return value does not evaluate to ``False``.\n    \n        :param method: callable(WebDriver)\n        :param message: optional message for :exc:`TimeoutException`\n        :returns: the result of the last call to `method`\n        :raises: :exc:`selenium.common.exceptions.TimeoutException` if timeout occurs\n        \"\"\"\n        screen = None\n        stacktrace = None\n    \n        end_time = time.monotonic() + self._timeout\n        while True:\n            try:\n                value = method(self._driver)\n                if value:\n                    return value\n            except self._ignored_exceptions as exc:\n                screen = getattr(exc, \"screen\", None)\n                stacktrace = getattr(exc, \"stacktrace\", None)\n            time.sleep(self._poll)\n            if time.monotonic() > end_time:\n                break\n>       raise TimeoutException(message, screen, stacktrace)\nE       selenium.common.exceptions.TimeoutException: Message: \nE       Stacktrace:\nE       #0 0x55c494285ffa <unknown>\nE       #1 0x55c493d44970 <unknown>\nE       #2 0x55c493d96385 <unknown>\nE       #3 0x55c493d965b1 <unknown>\nE       #4 0x55c493de53c4 <unknown>\nE       #5 0x55c493dbc2bd <unknown>\nE       #6 0x55c493de270c <unknown>\nE       #7 0x55c493dbc063 <unknown>\nE       #8 0x55c493d88328 <unknown>\nE       #9 0x55c493d89491 <unknown>\nE       #10 0x55c49424d42b <unknown>\nE       #11 0x55c4942512ec <unknown>\nE       #12 0x55c494234a22 <unknown>\nE       #13 0x55c494251e64 <unknown>\nE       #14 0x55c494218bef <unknown>\nE       #15 0x55c494274558 <unknown>\nE       #16 0x55c494274736 <unknown>\nE       #17 0x55c494284e76 <unknown>\nE       #18 0x7f70e7a051f5 <unknown>\n\n/usr/local/lib/python3.9/site-packages/selenium/webdriver/support/wait.py:95: TimeoutException"}, "steps": [{"name": "Navigate to the registration page", "status": "passed", "start": 1742642108903, "stop": 1742642109190}, {"name": "Enter username and password", "status": "passed", "start": 1742642109190, "stop": 1742642109353}, {"name": "Click the register button", "status": "passed", "start": 1742642109353, "stop": 1742642109411}, {"name": "Validate registration outcome", "status": "broken", "statusDetails": {"message": "selenium.common.exceptions.TimeoutException: Message: \nStacktrace:\n#0 0x55c494285ffa <unknown>\n#1 0x55c493d44970 <unknown>\n#2 0x55c493d96385 <unknown>\n#3 0x55c493d965b1 <unknown>\n#4 0x55c493de53c4 <unknown>\n#5 0x55c493dbc2bd <unknown>\n#6 0x55c493de270c <unknown>\n#7 0x55c493dbc063 <unknown>\n#8 0x55c493d88328 <unknown>\n#9 0x55c493d89491 <unknown>\n#10 0x55c49424d42b <unknown>\n#11 0x55c4942512ec <unknown>\n#12 0x55c494234a22 <unknown>\n#13 0x55c494251e64 <unknown>\n#14 0x55c494218bef <unknown>\n#15 0x55c494274558 <unknown>\n#16 0x55c494274736 <unknown>\n#17 0x55c494284e76 <unknown>\n#18 0x7f70e7a051f5 <unknown>\n\n", "trace": "  File \"/app/tests/ui/ui_tests/test_user.py\", line 56, in test_register_user\n    assert register_user.get_success_message(), \"User is not registered\"\n  File \"/app/tests/ui/pages/register_page.py\", line 26, in get_success_message\n    return self.find_element(self.SUCCESS_MESSAGE).text\n  File \"/app/tests/ui/pages/base_page.py\", line 15, in find_element\n    return WebDriverWait(self.driver, timeout).until(EC.presence_of_element_located(locator))\n  File \"/usr/local/lib/python3.9/site-packages/selenium/webdriver/support/wait.py\", line 95, in until\n    raise TimeoutException(message, screen, stacktrace)\n"}, "start": 1742642109411, "stop": 1742642119780}], "parameters": [{"name": "username", "value": "'4333327'"}, {"name": "password", "value": "'411111'"}], "start": 1742642108903, "stop": 1742642119810, "uuid": "61e12bb0-8c41-4317-b356-5d07dabd8d8e", "historyId": "43e33a6b536509ae63eb188b5ac2d08f", "testCaseId": "d3a0d8749f3024f950470e666d4f9d32", "fullName": "tests.ui.ui_tests.test_user#test_register_user", "labels": [{"name": "feature", "value": "User Registration"}, {"name": "story", "value": "Register User with Different Credentials"}, {"name": "severity", "value": "critical"}, {"name": "parentSuite", "value": "tests.ui.ui_tests"}, {"name": "suite", "value": "test_user"}, {"name": "host", "value": "72ee90207c35"}, {"name": "thread", "value": "20-MainThread"}, {"name": "framework", "value": "pytest"}, {"name": "language", "value": "cpython3"}, {"name": "package", "value": "tests.ui.ui_tests.test_user"}]}