{"name": "test_register_user[409040-411111]", "status": "broken", "statusDetails": {"message": "selenium.common.exceptions.TimeoutException: Message: \nStacktrace:\n#0 0x55d326d3da1a <unknown>\n#1 0x55d3267f5390 <unknown>\n#2 0x55d326846c85 <unknown>\n#3 0x55d326846eb1 <unknown>\n#4 0x55d326895d64 <unknown>\n#5 0x55d32686cbfd <unknown>\n#6 0x55d32689307b <unknown>\n#7 0x55d32686c9a3 <unknown>\n#8 0x55d32683860e <unknown>\n#9 0x55d326839dd1 <unknown>\n#10 0x55d326d03ddb <unknown>\n#11 0x55d326d07cbc <unknown>\n#12 0x55d326ceb392 <unknown>\n#13 0x55d326d08834 <unknown>\n#14 0x55d326ccf1ef <unknown>\n#15 0x55d326d2c038 <unknown>\n#16 0x55d326d2c216 <unknown>\n#17 0x55d326d3c896 <unknown>\n#18 0x7fa4346b61f5 <unknown>", "trace": "driver = <selenium.webdriver.chrome.webdriver.WebDriver (session=\"c630656871c98347ecc0a712b7503bbf\")>, username = '409040', password = '411111'\n\n    @pytest.mark.parametrize(\n        \"username, password\",\n        [\n            ('409040', '411111'),\n            ('', 'password'),\n            ('979597', ''),\n            ('', ''),\n            ('4', '48998987')\n        ]\n    )\n    \n    @allure.feature(\"User Registration\")\n    @allure.story(\"Register User with Different Credentials\")\n    @allure.severity(allure.severity_level.CRITICAL)\n    \n    def test_register_user(driver, username, password):\n        with allure.step(\"Navigate to the registration page\"):\n            register_user = RegisterPage(driver)\n            register_user.get_register_page()\n            assert \"register\" in driver.current_url, \"User is not on the registration page\"\n    \n        with allure.step(\"Enter username and password\"):\n            register_user.enter_username(username)\n            register_user.enter_password(password)\n    \n        with allure.step(\"Click the register button\"):\n            register_user.click_register()\n    \n        with allure.step(\"Validate registration outcome\"):\n            if username == '':\n                assert register_user.get_error_message(), \"Registration without username\"\n            elif password == '':\n                assert \"Пароль обязателен\" in register_user.get_error_message(), \"Registration without password\"\n            elif password == '' and username == '':\n                assert \"Пароль обязателен\" in register_user.get_error_message(), \"Registration without password\"\n                assert \"Имя пользователя обязательно\" in register_user.get_error_message(), \"Registration without username\"\n            elif len(password) < 6 and len(username) < 3:\n                assert \"Пароль должен содержать не менее 6 символов\" in register_user.get_error_message(), \\\n                    \"Registration with short password\"\n                assert \"Имя пользователя должно содержать не менее 3 символов\" in register_user.get_error_message(), \\\n                    \"Registration with short username\"\n            elif len(password) < 6:\n                assert \"Пароль должен содержать не менее 6 символов\" in register_user.get_error_message(), \\\n                    \"Registration with short password\"\n            elif len(username) < 3:\n                assert \"Имя пользователя должно содержать не менее 3 символов\" in register_user.get_error_message(), \\\n                    \"Registration with short username\"\n            else:\n>               assert register_user.get_success_message(), \"User is not registered\"\n\ntests/ui/ui_tests/test_user.py:56: \n_ _ _ _ _ _ _ _ _ _ _ _ _ _ _ _ _ _ _ _ _ _ _ _ _ _ _ _ _ _ _ _ _ _ _ _ _ _ _ _ _ _ _ _ _ _ _ _ _ _ _ _ _ _ _ _ _ _ _ _ _ _ _ _ _ _ _ _ _ _ _ _ _ _ _ _ _ _ _ _ _ _ _ _ _ _ _ _ _ _ \ntests/ui/pages/register_page.py:26: in get_success_message\n    return self.find_element(self.SUCCESS_MESSAGE).text\ntests/ui/pages/base_page.py:13: in find_element\n    return WebDriverWait(self.driver, timeout).until(EC.presence_of_element_located(locator))\n_ _ _ _ _ _ _ _ _ _ _ _ _ _ _ _ _ _ _ _ _ _ _ _ _ _ _ _ _ _ _ _ _ _ _ _ _ _ _ _ _ _ _ _ _ _ _ _ _ _ _ _ _ _ _ _ _ _ _ _ _ _ _ _ _ _ _ _ _ _ _ _ _ _ _ _ _ _ _ _ _ _ _ _ _ _ _ _ _ _ \n\nself = <selenium.webdriver.support.wait.WebDriverWait (session=\"c630656871c98347ecc0a712b7503bbf\")>\nmethod = <function presence_of_element_located.<locals>._predicate at 0x7f353fac2ca0>, message = ''\n\n    def until(self, method, message: str = \"\"):\n        \"\"\"Calls the method provided with the driver as an argument until the \\\n        return value does not evaluate to ``False``.\n    \n        :param method: callable(WebDriver)\n        :param message: optional message for :exc:`TimeoutException`\n        :returns: the result of the last call to `method`\n        :raises: :exc:`selenium.common.exceptions.TimeoutException` if timeout occurs\n        \"\"\"\n        screen = None\n        stacktrace = None\n    \n        end_time = time.monotonic() + self._timeout\n        while True:\n            try:\n                value = method(self._driver)\n                if value:\n                    return value\n            except self._ignored_exceptions as exc:\n                screen = getattr(exc, \"screen\", None)\n                stacktrace = getattr(exc, \"stacktrace\", None)\n            time.sleep(self._poll)\n            if time.monotonic() > end_time:\n                break\n>       raise TimeoutException(message, screen, stacktrace)\nE       selenium.common.exceptions.TimeoutException: Message: \nE       Stacktrace:\nE       #0 0x55d326d3da1a <unknown>\nE       #1 0x55d3267f5390 <unknown>\nE       #2 0x55d326846c85 <unknown>\nE       #3 0x55d326846eb1 <unknown>\nE       #4 0x55d326895d64 <unknown>\nE       #5 0x55d32686cbfd <unknown>\nE       #6 0x55d32689307b <unknown>\nE       #7 0x55d32686c9a3 <unknown>\nE       #8 0x55d32683860e <unknown>\nE       #9 0x55d326839dd1 <unknown>\nE       #10 0x55d326d03ddb <unknown>\nE       #11 0x55d326d07cbc <unknown>\nE       #12 0x55d326ceb392 <unknown>\nE       #13 0x55d326d08834 <unknown>\nE       #14 0x55d326ccf1ef <unknown>\nE       #15 0x55d326d2c038 <unknown>\nE       #16 0x55d326d2c216 <unknown>\nE       #17 0x55d326d3c896 <unknown>\nE       #18 0x7fa4346b61f5 <unknown>\n\n/usr/local/lib/python3.9/site-packages/selenium/webdriver/support/wait.py:95: TimeoutException"}, "steps": [{"name": "Navigate to the registration page", "status": "passed", "start": 1742315517126, "stop": 1742315517433}, {"name": "Enter username and password", "status": "passed", "start": 1742315517434, "stop": 1742315517883}, {"name": "Click the register button", "status": "passed", "start": 1742315517883, "stop": 1742315518070}, {"name": "Validate registration outcome", "status": "broken", "statusDetails": {"message": "selenium.common.exceptions.TimeoutException: Message: \nStacktrace:\n#0 0x55d326d3da1a <unknown>\n#1 0x55d3267f5390 <unknown>\n#2 0x55d326846c85 <unknown>\n#3 0x55d326846eb1 <unknown>\n#4 0x55d326895d64 <unknown>\n#5 0x55d32686cbfd <unknown>\n#6 0x55d32689307b <unknown>\n#7 0x55d32686c9a3 <unknown>\n#8 0x55d32683860e <unknown>\n#9 0x55d326839dd1 <unknown>\n#10 0x55d326d03ddb <unknown>\n#11 0x55d326d07cbc <unknown>\n#12 0x55d326ceb392 <unknown>\n#13 0x55d326d08834 <unknown>\n#14 0x55d326ccf1ef <unknown>\n#15 0x55d326d2c038 <unknown>\n#16 0x55d326d2c216 <unknown>\n#17 0x55d326d3c896 <unknown>\n#18 0x7fa4346b61f5 <unknown>\n\n", "trace": "  File \"/app/tests/ui/ui_tests/test_user.py\", line 56, in test_register_user\n    assert register_user.get_success_message(), \"User is not registered\"\n  File \"/app/tests/ui/pages/register_page.py\", line 26, in get_success_message\n    return self.find_element(self.SUCCESS_MESSAGE).text\n  File \"/app/tests/ui/pages/base_page.py\", line 13, in find_element\n    return WebDriverWait(self.driver, timeout).until(EC.presence_of_element_located(locator))\n  File \"/usr/local/lib/python3.9/site-packages/selenium/webdriver/support/wait.py\", line 95, in until\n    raise TimeoutException(message, screen, stacktrace)\n"}, "start": 1742315518070, "stop": 1742315528237}], "parameters": [{"name": "username", "value": "'409040'"}, {"name": "password", "value": "'411111'"}], "start": 1742315517126, "stop": 1742315528296, "uuid": "680b3a9d-ecf2-48b5-80c0-4d0c2ef49f24", "historyId": "f6c52924de400b7bbde3e7c00848baec", "testCaseId": "d3a0d8749f3024f950470e666d4f9d32", "fullName": "tests.ui.ui_tests.test_user#test_register_user", "labels": [{"name": "story", "value": "Register User with Different Credentials"}, {"name": "feature", "value": "User Registration"}, {"name": "severity", "value": "critical"}, {"name": "parentSuite", "value": "tests.ui.ui_tests"}, {"name": "suite", "value": "test_user"}, {"name": "host", "value": "267cd0dc1622"}, {"name": "thread", "value": "19-MainThread"}, {"name": "framework", "value": "pytest"}, {"name": "language", "value": "cpython3"}, {"name": "package", "value": "tests.ui.ui_tests.test_user"}]}