{"name": "test_register_user[4333322-411111]", "status": "broken", "statusDetails": {"message": "selenium.common.exceptions.TimeoutException: Message: \nStacktrace:\n\tGetHandleVerifier [0x00C6C7F3+24435]\n\t(No symbol) [0x00BF2074]\n\t(No symbol) [0x00AC06E3]\n\t(No symbol) [0x00B08B39]\n\t(No symbol) [0x00B08E8B]\n\t(No symbol) [0x00B51AC2]\n\t(No symbol) [0x00B2D804]\n\t(No symbol) [0x00B4F20A]\n\t(No symbol) [0x00B2D5B6]\n\t(No symbol) [0x00AFC54F]\n\t(No symbol) [0x00AFD894]\n\tGetHandleVerifier [0x00F770A3+3213347]\n\tGetHandleVerifier [0x00F8B0C9+3295305]\n\tGetHandleVerifier [0x00F8558C+3271948]\n\tGetHandleVerifier [0x00D07360+658144]\n\t(No symbol) [0x00BFB27D]\n\t(No symbol) [0x00BF8208]\n\t(No symbol) [0x00BF83A9]\n\t(No symbol) [0x00BEAAC0]\n\tBaseThreadInitThunk [0x75265D49+25]\n\tRtlInitializeExceptionChain [0x7740CDEB+107]\n\tRtlGetAppContainerNamedObjectPath [0x7740CD71+561]", "trace": "driver = <selenium.webdriver.chrome.webdriver.WebDriver (session=\"d85f6c359e4459969b42c7fccf691f77\")>, username = '4333322', password = '411111'\n\n    @pytest.mark.parametrize(\n        \"username, password\",\n        [\n            ('4333322', '411111'),\n            ('', 'password'),\n            ('979597', ''),\n            ('', ''),\n            ('4', '48998987')\n        ]\n    )\n    \n    @allure.feature(\"User Registration\")\n    @allure.story(\"Register User with Different Credentials\")\n    @allure.severity(allure.severity_level.CRITICAL)\n    \n    def test_register_user(driver, username, password):\n        with allure.step(\"Navigate to the registration page\"):\n            register_user = RegisterPage(driver)\n            register_user.get_register_page()\n            assert \"register\" in driver.current_url, \"User is not on the registration page\"\n    \n        with allure.step(\"Enter username and password\"):\n            register_user.enter_username(username)\n            register_user.enter_password(password)\n    \n        with allure.step(\"Click the register button\"):\n            register_user.click_register()\n    \n        with allure.step(\"Validate registration outcome\"):\n            if username == '':\n                assert register_user.get_error_message(), \"Registration without username\"\n            elif password == '':\n                assert \"Пароль обязателен\" in register_user.get_error_message(), \"Registration without password\"\n            elif password == '' and username == '':\n                assert \"Пароль обязателен\" in register_user.get_error_message(), \"Registration without password\"\n                assert \"Имя пользователя обязательно\" in register_user.get_error_message(), \"Registration without username\"\n            elif len(password) < 6 and len(username) < 3:\n                assert \"Пароль должен содержать не менее 6 символов\" in register_user.get_error_message(), \\\n                    \"Registration with short password\"\n                assert \"Имя пользователя должно содержать не менее 3 символов\" in register_user.get_error_message(), \\\n                    \"Registration with short username\"\n            elif len(password) < 6:\n                assert \"Пароль должен содержать не менее 6 символов\" in register_user.get_error_message(), \\\n                    \"Registration with short password\"\n            elif len(username) < 3:\n                assert \"Имя пользователя должно содержать не менее 3 символов\" in register_user.get_error_message(), \\\n                    \"Registration with short username\"\n            else:\n>               assert register_user.get_success_message(), \"User is not registered\"\n\ntests\\ui\\ui_tests\\test_user.py:56: \n_ _ _ _ _ _ _ _ _ _ _ _ _ _ _ _ _ _ _ _ _ _ _ _ _ _ _ _ _ _ _ _ _ _ _ _ _ _ _ _ _ _ _ _ _ _ _ _ _ _ _ _ _ _ _ _ _ _ _ _ _ _ _ _ _ _ _ _ _ _ _ _ _ _ _ _ _ _ _ _ _ _ _ _ _ _ _ _ _ \ntests\\ui\\pages\\register_page.py:26: in get_success_message\n    return self.find_element(self.SUCCESS_MESSAGE).text\ntests\\ui\\pages\\base_page.py:15: in find_element\n    return WebDriverWait(self.driver, timeout).until(EC.presence_of_element_located(locator))\n_ _ _ _ _ _ _ _ _ _ _ _ _ _ _ _ _ _ _ _ _ _ _ _ _ _ _ _ _ _ _ _ _ _ _ _ _ _ _ _ _ _ _ _ _ _ _ _ _ _ _ _ _ _ _ _ _ _ _ _ _ _ _ _ _ _ _ _ _ _ _ _ _ _ _ _ _ _ _ _ _ _ _ _ _ _ _ _ _ \n\nself = <selenium.webdriver.support.wait.WebDriverWait (session=\"d85f6c359e4459969b42c7fccf691f77\")>\nmethod = <function presence_of_element_located.<locals>._predicate at 0x00000291F8DA60C0>, message = ''\n\n    def until(self, method: Callable[[D], Union[Literal[False], T]], message: str = \"\") -> T:\n        \"\"\"Wait until the method returns a value that is not False.\n    \n        Calls the method provided with the driver as an argument until the\n        return value does not evaluate to ``False``.\n    \n        Parameters:\n        ----------\n        method: callable(WebDriver)\n            - A callable object that takes a WebDriver instance as an argument.\n    \n        message: str\n            - Optional message for :exc:`TimeoutException`\n    \n        Return:\n        -------\n        object: T\n            - The result of the last call to `method`\n    \n        Raises:\n        -------\n        TimeoutException\n            - If 'method' does not return a truthy value within the WebDriverWait\n            object's timeout\n    \n        Example:\n        --------\n        >>> from selenium.webdriver.common.by import By\n        >>> from selenium.webdriver.support.ui import WebDriverWait\n        >>> from selenium.webdriver.support import expected_conditions as EC\n    \n        # Wait until an element is visible on the page\n        >>> wait = WebDriverWait(driver, 10)\n        >>> element = wait.until(EC.visibility_of_element_located((By.ID, \"exampleId\")))\n        >>> print(element.text)\n        \"\"\"\n        screen = None\n        stacktrace = None\n    \n        end_time = time.monotonic() + self._timeout\n        while True:\n            try:\n                value = method(self._driver)\n                if value:\n                    return value\n            except self._ignored_exceptions as exc:\n                screen = getattr(exc, \"screen\", None)\n                stacktrace = getattr(exc, \"stacktrace\", None)\n            if time.monotonic() > end_time:\n                break\n            time.sleep(self._poll)\n>       raise TimeoutException(message, screen, stacktrace)\nE       selenium.common.exceptions.TimeoutException: Message: \nE       Stacktrace:\nE       \tGetHandleVerifier [0x00C6C7F3+24435]\nE       \t(No symbol) [0x00BF2074]\nE       \t(No symbol) [0x00AC06E3]\nE       \t(No symbol) [0x00B08B39]\nE       \t(No symbol) [0x00B08E8B]\nE       \t(No symbol) [0x00B51AC2]\nE       \t(No symbol) [0x00B2D804]\nE       \t(No symbol) [0x00B4F20A]\nE       \t(No symbol) [0x00B2D5B6]\nE       \t(No symbol) [0x00AFC54F]\nE       \t(No symbol) [0x00AFD894]\nE       \tGetHandleVerifier [0x00F770A3+3213347]\nE       \tGetHandleVerifier [0x00F8B0C9+3295305]\nE       \tGetHandleVerifier [0x00F8558C+3271948]\nE       \tGetHandleVerifier [0x00D07360+658144]\nE       \t(No symbol) [0x00BFB27D]\nE       \t(No symbol) [0x00BF8208]\nE       \t(No symbol) [0x00BF83A9]\nE       \t(No symbol) [0x00BEAAC0]\nE       \tBaseThreadInitThunk [0x75265D49+25]\nE       \tRtlInitializeExceptionChain [0x7740CDEB+107]\nE       \tRtlGetAppContainerNamedObjectPath [0x7740CD71+561]\n\n.venv\\Lib\\site-packages\\selenium\\webdriver\\support\\wait.py:146: TimeoutException"}, "steps": [{"name": "Navigate to the registration page", "status": "passed", "start": 1742644522406, "stop": 1742644522570}, {"name": "Enter username and password", "status": "passed", "start": 1742644522570, "stop": 1742644522768}, {"name": "Click the register button", "status": "passed", "start": 1742644522768, "stop": 1742644522985}, {"name": "Validate registration outcome", "status": "broken", "statusDetails": {"message": "selenium.common.exceptions.TimeoutException: Message: \nStacktrace:\n\tGetHandleVerifier [0x00C6C7F3+24435]\n\t(No symbol) [0x00BF2074]\n\t(No symbol) [0x00AC06E3]\n\t(No symbol) [0x00B08B39]\n\t(No symbol) [0x00B08E8B]\n\t(No symbol) [0x00B51AC2]\n\t(No symbol) [0x00B2D804]\n\t(No symbol) [0x00B4F20A]\n\t(No symbol) [0x00B2D5B6]\n\t(No symbol) [0x00AFC54F]\n\t(No symbol) [0x00AFD894]\n\tGetHandleVerifier [0x00F770A3+3213347]\n\tGetHandleVerifier [0x00F8B0C9+3295305]\n\tGetHandleVerifier [0x00F8558C+3271948]\n\tGetHandleVerifier [0x00D07360+658144]\n\t(No symbol) [0x00BFB27D]\n\t(No symbol) [0x00BF8208]\n\t(No symbol) [0x00BF83A9]\n\t(No symbol) [0x00BEAAC0]\n\tBaseThreadInitThunk [0x75265D49+25]\n\tRtlInitializeExceptionChain [0x7740CDEB+107]\n\tRtlGetAppContainerNamedObjectPath [0x7740CD71+561]\n\n", "trace": "  File \"C:\\Users\\volch\\Desktop\\Diplom\\tests\\ui\\ui_tests\\test_user.py\", line 56, in test_register_user\n    assert register_user.get_success_message(), \"User is not registered\"\n           ~~~~~~~~~~~~~~~~~~~~~~~~~~~~~~~~~^^\n  File \"C:\\Users\\volch\\Desktop\\Diplom\\tests\\ui\\pages\\register_page.py\", line 26, in get_success_message\n    return self.find_element(self.SUCCESS_MESSAGE).text\n           ~~~~~~~~~~~~~~~~~^^^^^^^^^^^^^^^^^^^^^^\n  File \"C:\\Users\\volch\\Desktop\\Diplom\\tests\\ui\\pages\\base_page.py\", line 15, in find_element\n    return WebDriverWait(self.driver, timeout).until(EC.presence_of_element_located(locator))\n           ~~~~~~~~~~~~~~~~~~~~~~~~~~~~~~~~~~~~~~~~~^^^^^^^^^^^^^^^^^^^^^^^^^^^^^^^^^^^^^^^^^\n  File \"C:\\Users\\volch\\Desktop\\Diplom\\.venv\\Lib\\site-packages\\selenium\\webdriver\\support\\wait.py\", line 146, in until\n    raise TimeoutException(message, screen, stacktrace)\n"}, "start": 1742644522985, "stop": 1742644533364}], "parameters": [{"name": "username", "value": "'4333322'"}, {"name": "password", "value": "'411111'"}], "start": 1742644522406, "stop": 1742644533367, "uuid": "51bb9fe2-bf1e-4dbd-a7d1-c3b61a9df69f", "historyId": "d94e68a115307f10f57cf5f93d13cf51", "testCaseId": "d3a0d8749f3024f950470e666d4f9d32", "fullName": "tests.ui.ui_tests.test_user#test_register_user", "labels": [{"name": "story", "value": "Register User with Different Credentials"}, {"name": "feature", "value": "User Registration"}, {"name": "severity", "value": "critical"}, {"name": "parentSuite", "value": "tests.ui.ui_tests"}, {"name": "suite", "value": "test_user"}, {"name": "host", "value": "Katie"}, {"name": "thread", "value": "13852-MainThread"}, {"name": "framework", "value": "pytest"}, {"name": "language", "value": "cpython3"}, {"name": "package", "value": "tests.ui.ui_tests.test_user"}]}