{"name": "test_register_user[409021-411111]", "status": "broken", "statusDetails": {"message": "selenium.common.exceptions.TimeoutException: Message: \nStacktrace:\n\tGetHandleVerifier [0x0100B593+24387]\n\t(No symbol) [0x00F958F4]\n\t(No symbol) [0x00E70753]\n\t(No symbol) [0x00EB8BA9]\n\t(No symbol) [0x00EB8EFB]\n\t(No symbol) [0x00F019C2]\n\t(No symbol) [0x00EDD894]\n\t(No symbol) [0x00EFF138]\n\t(No symbol) [0x00EDD646]\n\t(No symbol) [0x00EAC59F]\n\t(No symbol) [0x00EAD8E4]\n\tGetHandleVerifier [0x0130D873+3179043]\n\tGetHandleVerifier [0x01326CE9+3282585]\n\tGetHandleVerifier [0x0132166C+3260444]\n\tGetHandleVerifier [0x010A4320+650448]\n\t(No symbol) [0x00F9ECFD]\n\t(No symbol) [0x00F9BAE8]\n\t(No symbol) [0x00F9BC89]\n\t(No symbol) [0x00F8E520]\n\tBaseThreadInitThunk [0x75265D49+25]\n\tRtlInitializeExceptionChain [0x7740CDEB+107]\n\tRtlGetAppContainerNamedObjectPath [0x7740CD71+561]", "trace": "driver = <selenium.webdriver.chrome.webdriver.WebDriver (session=\"db46a127ceb3615e391a19e1ec15da76\")>, username = '409021', password = '411111'\n\n    @pytest.mark.parametrize(\n        \"username, password\",\n        [\n            ('409021', '411111'),\n            ('', 'password'),\n            ('979597', ''),\n            ('', ''),\n            ('4', '48998987')\n        ]\n    )\n    \n    @allure.feature(\"User Registration\")\n    @allure.story(\"Register User with Different Credentials\")\n    @allure.severity(allure.severity_level.CRITICAL)\n    \n    def test_register_user(driver, username, password):\n        with allure.step(\"Navigate to the registration page\"):\n            register_user = RegisterPage(driver)\n            register_user.get_register_page()\n            assert \"register\" in driver.current_url, \"User is not on the registration page\"\n    \n        with allure.step(\"Enter username and password\"):\n            register_user.enter_username(username)\n            register_user.enter_password(password)\n    \n        with allure.step(\"Click the register button\"):\n            register_user.click_register()\n    \n        with allure.step(\"Validate registration outcome\"):\n            if username == '':\n                assert register_user.get_error_message(), \"Registration without username\"\n            elif password == '':\n                assert \"Пароль обязателен\" in register_user.get_error_message(), \"Registration without password\"\n            elif password == '' and username == '':\n                assert \"Пароль обязателен\" in register_user.get_error_message(), \"Registration without password\"\n                assert \"Имя пользователя обязательно\" in register_user.get_error_message(), \"Registration without username\"\n            elif len(password) < 6 and len(username) < 3:\n                assert \"Пароль должен содержать не менее 6 символов\" in register_user.get_error_message(), \\\n                    \"Registration with short password\"\n                assert \"Имя пользователя должно содержать не менее 3 символов\" in register_user.get_error_message(), \\\n                    \"Registration with short username\"\n            elif len(password) < 6:\n                assert \"Пароль должен содержать не менее 6 символов\" in register_user.get_error_message(), \\\n                    \"Registration with short password\"\n            elif len(username) < 3:\n                assert \"Имя пользователя должно содержать не менее 3 символов\" in register_user.get_error_message(), \\\n                    \"Registration with short username\"\n            else:\n>               assert register_user.get_success_message(), \"User is not registered\"\n\ntests\\ui\\ui_tests\\test_user.py:56: \n_ _ _ _ _ _ _ _ _ _ _ _ _ _ _ _ _ _ _ _ _ _ _ _ _ _ _ _ _ _ _ _ _ _ _ _ _ _ _ _ _ _ _ _ _ _ _ _ _ _ _ _ _ _ _ _ _ _ _ _ _ _ _ _ _ _ _ _ _ _ _ _ _ _ _ _ _ _ _ _ _ _ _ _ _ _ _ _ _ _\ntests\\ui\\pages\\register_page.py:26: in get_success_message\n    return self.find_element(self.SUCCESS_MESSAGE).text\ntests\\ui\\pages\\base_page.py:15: in find_element\n    return WebDriverWait(self.driver, timeout).until(EC.presence_of_element_located(locator))\n_ _ _ _ _ _ _ _ _ _ _ _ _ _ _ _ _ _ _ _ _ _ _ _ _ _ _ _ _ _ _ _ _ _ _ _ _ _ _ _ _ _ _ _ _ _ _ _ _ _ _ _ _ _ _ _ _ _ _ _ _ _ _ _ _ _ _ _ _ _ _ _ _ _ _ _ _ _ _ _ _ _ _ _ _ _ _ _ _ _\n\nself = <selenium.webdriver.support.wait.WebDriverWait (session=\"db46a127ceb3615e391a19e1ec15da76\")>\nmethod = <function presence_of_element_located.<locals>._predicate at 0x0000022ACA17AAC0>, message = ''\n\n    def until(self, method: Callable[[D], Union[Literal[False], T]], message: str = \"\") -> T:\n        \"\"\"Wait until the method returns a value that is not False.\n    \n        Calls the method provided with the driver as an argument until the\n        return value does not evaluate to ``False``.\n    \n        Parameters:\n        ----------\n        method: callable(WebDriver)\n            - A callable object that takes a WebDriver instance as an argument.\n    \n        message: str\n            - Optional message for :exc:`TimeoutException`\n    \n        Return:\n        -------\n        object: T\n            - The result of the last call to `method`\n    \n        Raises:\n        -------\n        TimeoutException\n            - If 'method' does not return a truthy value within the WebDriverWait\n            object's timeout\n    \n        Example:\n        --------\n        >>> from selenium.webdriver.common.by import By\n        >>> from selenium.webdriver.support.ui import WebDriverWait\n        >>> from selenium.webdriver.support import expected_conditions as EC\n    \n        # Wait until an element is visible on the page\n        >>> wait = WebDriverWait(driver, 10)\n        >>> element = wait.until(EC.visibility_of_element_located((By.ID, \"exampleId\")))\n        >>> print(element.text)\n        \"\"\"\n        screen = None\n        stacktrace = None\n    \n        end_time = time.monotonic() + self._timeout\n        while True:\n            try:\n                value = method(self._driver)\n                if value:\n                    return value\n            except self._ignored_exceptions as exc:\n                screen = getattr(exc, \"screen\", None)\n                stacktrace = getattr(exc, \"stacktrace\", None)\n            if time.monotonic() > end_time:\n                break\n            time.sleep(self._poll)\n>       raise TimeoutException(message, screen, stacktrace)\nE       selenium.common.exceptions.TimeoutException: Message: \nE       Stacktrace:\nE       \tGetHandleVerifier [0x0100B593+24387]\nE       \t(No symbol) [0x00F958F4]\nE       \t(No symbol) [0x00E70753]\nE       \t(No symbol) [0x00EB8BA9]\nE       \t(No symbol) [0x00EB8EFB]\nE       \t(No symbol) [0x00F019C2]\nE       \t(No symbol) [0x00EDD894]\nE       \t(No symbol) [0x00EFF138]\nE       \t(No symbol) [0x00EDD646]\nE       \t(No symbol) [0x00EAC59F]\nE       \t(No symbol) [0x00EAD8E4]\nE       \tGetHandleVerifier [0x0130D873+3179043]\nE       \tGetHandleVerifier [0x01326CE9+3282585]\nE       \tGetHandleVerifier [0x0132166C+3260444]\nE       \tGetHandleVerifier [0x010A4320+650448]\nE       \t(No symbol) [0x00F9ECFD]\nE       \t(No symbol) [0x00F9BAE8]\nE       \t(No symbol) [0x00F9BC89]\nE       \t(No symbol) [0x00F8E520]\nE       \tBaseThreadInitThunk [0x75265D49+25]\nE       \tRtlInitializeExceptionChain [0x7740CDEB+107]\nE       \tRtlGetAppContainerNamedObjectPath [0x7740CD71+561]\n\n.venv\\Lib\\site-packages\\selenium\\webdriver\\support\\wait.py:146: TimeoutException"}, "steps": [{"name": "Navigate to the registration page", "status": "passed", "start": 1742463177514, "stop": 1742463177768}, {"name": "Enter username and password", "status": "passed", "start": 1742463177768, "stop": 1742463178391}, {"name": "Click the register button", "status": "passed", "start": 1742463178391, "stop": 1742463178576}, {"name": "Validate registration outcome", "status": "broken", "statusDetails": {"message": "selenium.common.exceptions.TimeoutException: Message: \nStacktrace:\n\tGetHandleVerifier [0x0100B593+24387]\n\t(No symbol) [0x00F958F4]\n\t(No symbol) [0x00E70753]\n\t(No symbol) [0x00EB8BA9]\n\t(No symbol) [0x00EB8EFB]\n\t(No symbol) [0x00F019C2]\n\t(No symbol) [0x00EDD894]\n\t(No symbol) [0x00EFF138]\n\t(No symbol) [0x00EDD646]\n\t(No symbol) [0x00EAC59F]\n\t(No symbol) [0x00EAD8E4]\n\tGetHandleVerifier [0x0130D873+3179043]\n\tGetHandleVerifier [0x01326CE9+3282585]\n\tGetHandleVerifier [0x0132166C+3260444]\n\tGetHandleVerifier [0x010A4320+650448]\n\t(No symbol) [0x00F9ECFD]\n\t(No symbol) [0x00F9BAE8]\n\t(No symbol) [0x00F9BC89]\n\t(No symbol) [0x00F8E520]\n\tBaseThreadInitThunk [0x75265D49+25]\n\tRtlInitializeExceptionChain [0x7740CDEB+107]\n\tRtlGetAppContainerNamedObjectPath [0x7740CD71+561]\n\n", "trace": "  File \"C:\\Users\\volch\\Desktop\\Diplom\\tests\\ui\\ui_tests\\test_user.py\", line 56, in test_register_user\n    assert register_user.get_success_message(), \"User is not registered\"\n           ~~~~~~~~~~~~~~~~~~~~~~~~~~~~~~~~~^^\n  File \"C:\\Users\\volch\\Desktop\\Diplom\\tests\\ui\\pages\\register_page.py\", line 26, in get_success_message\n    return self.find_element(self.SUCCESS_MESSAGE).text\n           ~~~~~~~~~~~~~~~~~^^^^^^^^^^^^^^^^^^^^^^\n  File \"C:\\Users\\volch\\Desktop\\Diplom\\tests\\ui\\pages\\base_page.py\", line 15, in find_element\n    return WebDriverWait(self.driver, timeout).until(EC.presence_of_element_located(locator))\n           ~~~~~~~~~~~~~~~~~~~~~~~~~~~~~~~~~~~~~~~~~^^^^^^^^^^^^^^^^^^^^^^^^^^^^^^^^^^^^^^^^^\n  File \"C:\\Users\\volch\\Desktop\\Diplom\\.venv\\Lib\\site-packages\\selenium\\webdriver\\support\\wait.py\", line 146, in until\n    raise TimeoutException(message, screen, stacktrace)\n"}, "start": 1742463178576, "stop": 1742463188584}], "parameters": [{"name": "username", "value": "'409021'"}, {"name": "password", "value": "'411111'"}], "start": 1742463177514, "stop": 1742463188620, "uuid": "80183050-ef6b-4eef-b3ef-9d372561491a", "historyId": "d587e7418a6c6642a3bd76595d200cc1", "testCaseId": "d3a0d8749f3024f950470e666d4f9d32", "fullName": "tests.ui.ui_tests.test_user#test_register_user", "labels": [{"name": "feature", "value": "User Registration"}, {"name": "severity", "value": "critical"}, {"name": "story", "value": "Register User with Different Credentials"}, {"name": "parentSuite", "value": "tests.ui.ui_tests"}, {"name": "suite", "value": "test_user"}, {"name": "host", "value": "Katie"}, {"name": "thread", "value": "9184-MainThread"}, {"name": "framework", "value": "pytest"}, {"name": "language", "value": "cpython3"}, {"name": "package", "value": "tests.ui.ui_tests.test_user"}]}